<?xml version="1.0" encoding="UTF-8"?>
<!-- Generated by org.testng.reporters.JUnitReportReporter -->
<testsuite hostname="LAPTOP-5HE953J4" failures="0" tests="1" name="project.Login" time="3.188" errors="0" timestamp="03 Jul 2024 16:39:23 GMT" skipped="0">
  <testcase classname="project.Login" name="test1" time="3.188"/>
</testsuite> <!-- project.Login -->
