<?xml version="1.0" encoding="UTF-8"?>
<!-- Generated by org.testng.reporters.JUnitReportReporter -->
<testsuite hostname="LAPTOP-5HE953J4" failures="0" tests="5" name="project.TutorialNinjas" time="60.861" errors="0" timestamp="2024-07-13T17:56:59 IST" skipped="0">
  <testcase classname="project.TutorialNinjas" name="register" time="32.972"/>
  <testcase classname="project.TutorialNinjas" name="Logout" time="12.901"/>
  <testcase classname="project.TutorialNinjas" name="Login" time="7.400"/>
  <testcase classname="project.TutorialNinjas" name="Homepage" time="0.300"/>
  <testcase classname="project.TutorialNinjas" name="Search" time="7.288"/>
</testsuite> <!-- project.TutorialNinjas -->
